{"ct":"yD1LnU2Wcr5R719pTP85TQ==","iv":"bc221da4d44acbe46b3c21b86e097771","s":"f8c242efa4381089"}
array (
  'ct' => 'yD1LnU2Wcr5R719pTP85TQ==',
  'iv' => 'bc221da4d44acbe46b3c21b86e097771',
  's' => 'f8c242efa4381089',
)
{"ct":"UVew9PrR94O9ROgxkEVqyA==","iv":"f0adf7bc43d1e4716d6f94070f7d4b8d","s":"2579fa6237e4fdaa"}
array (
  'ct' => 'UVew9PrR94O9ROgxkEVqyA==',
  'iv' => 'f0adf7bc43d1e4716d6f94070f7d4b8d',
  's' => '2579fa6237e4fdaa',
)
{"ct":"77JyrddTHqHgag4STYsEiw==","iv":"021226ce8265b85891f4bae79920c7d8","s":"3922dfb79a7cf0e2"}
array (
  'ct' => '77JyrddTHqHgag4STYsEiw==',
  'iv' => '021226ce8265b85891f4bae79920c7d8',
  's' => '3922dfb79a7cf0e2',
)
{"ct":"hYuoEV3WompDVS3i07j5oQ==","iv":"429d8a5d4a0630047627527daf4a2894","s":"559f0deb8c7be951"}
array (
  'ct' => 'hYuoEV3WompDVS3i07j5oQ==',
  'iv' => '429d8a5d4a0630047627527daf4a2894',
  's' => '559f0deb8c7be951',
)
{"ct":"p8BHdny+jgJcZfMaKFYsAw==","iv":"29ae708b4ed392b84837dbf1a91ad94a","s":"0423668ff4533512"}
array (
  'ct' => 'p8BHdny+jgJcZfMaKFYsAw==',
  'iv' => '29ae708b4ed392b84837dbf1a91ad94a',
  's' => '0423668ff4533512',
)
Login failed for FullName: jean with decrypted password: jean
{"ct":"a+bwX0h4v7sASyD1foGRMQ==","iv":"83636d4b6787447371b127072a8d4d31","s":"3dcea335b21b5401"}
array (
  'ct' => 'a+bwX0h4v7sASyD1foGRMQ==',
  'iv' => '83636d4b6787447371b127072a8d4d31',
  's' => '3dcea335b21b5401',
)
Login failed for FullName: Benoit Trembla with decrypted password: benoit
{"ct":"DW7thhpBT5LRIbDsPoGMIQ==","iv":"d64bcf3880a208939dd89be30c214627","s":"7b20a8b43411968f"}
array (
  'ct' => 'DW7thhpBT5LRIbDsPoGMIQ==',
  'iv' => 'd64bcf3880a208939dd89be30c214627',
  's' => '7b20a8b43411968f',
)
{"ct":"57/5nr30D0C74PjJMrd9og==","iv":"2ec849cc166f022fdb89811c8dcdff85","s":"c34ea8cd18d6c0ce"}
array (
  'ct' => '57/5nr30D0C74PjJMrd9og==',
  'iv' => '2ec849cc166f022fdb89811c8dcdff85',
  's' => 'c34ea8cd18d6c0ce',
)
{"ct":"xN4lXGOCC0URHByZabKB6w==","iv":"7d7a7597e9b57028bfd9e1e199c32ccf","s":"c746d9e1f4bb50d6"}
array (
  'ct' => 'xN4lXGOCC0URHByZabKB6w==',
  'iv' => '7d7a7597e9b57028bfd9e1e199c32ccf',
  's' => 'c746d9e1f4bb50d6',
)
Login failed for FullName: test with decrypted password: test
{"ct":"e4mBjh9GKO3AzUF+H4SeUQ==","iv":"48626f7852f57913b44c3c1355536973","s":"f405c4305b4641b9"}
array (
  'ct' => 'e4mBjh9GKO3AzUF+H4SeUQ==',
  'iv' => '48626f7852f57913b44c3c1355536973',
  's' => 'f405c4305b4641b9',
)
{"ct":"hxqVryOJUYGfSEM/m/PULw==","iv":"2cf228eae7fb8e449cb2d5090951555a","s":"67e6bc2c940f74ad"}
array (
  'ct' => 'hxqVryOJUYGfSEM/m/PULw==',
  'iv' => '2cf228eae7fb8e449cb2d5090951555a',
  's' => '67e6bc2c940f74ad',
)
{"ct":"bgmPDPpKMncc+3ObIIyH7A==","iv":"5dfeaec7fd04ba2bfb16fc408e298689","s":"27efc5ec1a003389"}
array (
  'ct' => 'bgmPDPpKMncc+3ObIIyH7A==',
  'iv' => '5dfeaec7fd04ba2bfb16fc408e298689',
  's' => '27efc5ec1a003389',
)
{"ct":"jwDnWCpZ9UZrWbQMfoWQcg==","iv":"bddc656bb003576bafa98659282554f1","s":"e30cac21eb4139c3"}
array (
  'ct' => 'jwDnWCpZ9UZrWbQMfoWQcg==',
  'iv' => 'bddc656bb003576bafa98659282554f1',
  's' => 'e30cac21eb4139c3',
)
{"ct":"54ACdyFFgsjsHypoTSQ3TQ==","iv":"485baf2e0a57cb3219aaa6f5ef816990","s":"68fbda66dc7a70f3"}
array (
  'ct' => '54ACdyFFgsjsHypoTSQ3TQ==',
  'iv' => '485baf2e0a57cb3219aaa6f5ef816990',
  's' => '68fbda66dc7a70f3',
)
{"ct":"0Qcpa52N8TxdE+4np75j5g==","iv":"e9d965fd392288c99009668ecf311cd6","s":"868976b7e8591f60"}
array (
  'ct' => '0Qcpa52N8TxdE+4np75j5g==',
  'iv' => 'e9d965fd392288c99009668ecf311cd6',
  's' => '868976b7e8591f60',
)
{"ct":"dibavFND8tf4kHYByAAPRQ==","iv":"5822851210250a3c213e75a5a370c6f7","s":"17d93cd59babc1d9"}
array (
  'ct' => 'dibavFND8tf4kHYByAAPRQ==',
  'iv' => '5822851210250a3c213e75a5a370c6f7',
  's' => '17d93cd59babc1d9',
)
{"ct":"GGoL6i/QlkvC6kgXqeHJrA==","iv":"52673e2e49a5d87aaf22fcfc46b15229","s":"ac0f68698a9822be"}
array (
  'ct' => 'GGoL6i/QlkvC6kgXqeHJrA==',
  'iv' => '52673e2e49a5d87aaf22fcfc46b15229',
  's' => 'ac0f68698a9822be',
)
{"ct":"Hg3/fl7s4OfyH+iwwoDHrg==","iv":"c7601ad2f9742dca81e40f6402e0d133","s":"5980227e931bee10"}
array (
  'ct' => 'Hg3/fl7s4OfyH+iwwoDHrg==',
  'iv' => 'c7601ad2f9742dca81e40f6402e0d133',
  's' => '5980227e931bee10',
)
{"ct":"70ORP0+yKGtNIqx9TRCKJw==","iv":"4dc20056628006d3bf5c86f996ca829f","s":"b0a8a13b13a4cc4f"}
array (
  'ct' => '70ORP0+yKGtNIqx9TRCKJw==',
  'iv' => '4dc20056628006d3bf5c86f996ca829f',
  's' => 'b0a8a13b13a4cc4f',
)
{"ct":"5Jgw8E9o2g+ZqtYCdzNe4w==","iv":"8332d5b28a3441647ab2e3d9c40b3074","s":"34d724031934137d"}
array (
  'ct' => '5Jgw8E9o2g+ZqtYCdzNe4w==',
  'iv' => '8332d5b28a3441647ab2e3d9c40b3074',
  's' => '34d724031934137d',
)
{"ct":"WKGJkaIs60Chlne6tmvGZw==","iv":"8d555ac793c364616b14e2a6190176c6","s":"3c987a74adbedf1d"}
array (
  'ct' => 'WKGJkaIs60Chlne6tmvGZw==',
  'iv' => '8d555ac793c364616b14e2a6190176c6',
  's' => '3c987a74adbedf1d',
)
{"ct":"qkQaPGG3yOIwses1/IXWYg==","iv":"715d1c44333b7668127f43afb54da6e0","s":"b11f48fb0b967dad"}
array (
  'ct' => 'qkQaPGG3yOIwses1/IXWYg==',
  'iv' => '715d1c44333b7668127f43afb54da6e0',
  's' => 'b11f48fb0b967dad',
)
{"ct":"mxehe2+GPX/+RByJ8tmJKQ==","iv":"6fbd3c24b1b508f149e65372a3bdaa1b","s":"719f8c5bc9569571"}
array (
  'ct' => 'mxehe2+GPX/+RByJ8tmJKQ==',
  'iv' => '6fbd3c24b1b508f149e65372a3bdaa1b',
  's' => '719f8c5bc9569571',
)
{"ct":"K9G172hOcJ7cQh4EDwFZeQ==","iv":"dfd5bd28cfb6c58fecbd0147b58043b2","s":"2c9ba2fa8b0ed34e"}
array (
  'ct' => 'K9G172hOcJ7cQh4EDwFZeQ==',
  'iv' => 'dfd5bd28cfb6c58fecbd0147b58043b2',
  's' => '2c9ba2fa8b0ed34e',
)
{"ct":"+R+qmcIaQNR2BRhoK6X2bQ==","iv":"5a38b6a303d7d4523c8e6ec330efbc32","s":"a7666919ca9ba273"}
array (
  'ct' => '+R+qmcIaQNR2BRhoK6X2bQ==',
  'iv' => '5a38b6a303d7d4523c8e6ec330efbc32',
  's' => 'a7666919ca9ba273',
)
